#-----------------------------------------------------------
# Webtalk v2015.2 (64-bit)
# SW Build 1266856 on Fri Jun 26 16:35:25 MDT 2015
# 
# Start of session at: Thu Feb 04 13:38:07 2016
# Process ID: 6124
# Log file: C:/Users/Anthony/armqptestagain/armqp/src/sdk/webtalk/webtalk.log
# Journal file: C:/Users/Anthony/armqptestagain/armqp/src/sdk/webtalk\webtalk.jou
#-----------------------------------------------------------
source sdk_webtalk.tcl
# webtalk_init -webtalk_dir C:\\Users\\Anthony\\armqptestagain\\armqp\\src\\sdk\\webtalk
# webtalk_register_client -client project
# webtalk_add_data -client project -key date_generated -value "Thu Feb 4 13:38:06 2016" -context "software_version_and_target_device"
# webtalk_add_data -client project -key product_version -value "SDK v2015.2" -context "software_version_and_target_device"
# webtalk_add_data -client project -key build_version -value "2015.2" -context "software_version_and_target_device"
# webtalk_add_data -client project -key os_platform -value "amd64" -context "software_version_and_target_device"
# webtalk_add_data -client project -key registration_id -value "" -context "software_version_and_target_device"
# webtalk_add_data -client project -key tool_flow -value "SDK" -context "software_version_and_target_device"
# webtalk_add_data -client project -key beta -value "false" -context "software_version_and_target_device"
# webtalk_add_data -client project -key route_design -value "NA" -context "software_version_and_target_device"
# webtalk_add_data -client project -key target_family -value "NA" -context "software_version_and_target_device"
# webtalk_add_data -client project -key target_device -value "NA" -context "software_version_and_target_device"
# webtalk_add_data -client project -key target_package -value "NA" -context "software_version_and_target_device"
# webtalk_add_data -client project -key target_speed -value "NA" -context "software_version_and_target_device"
# webtalk_add_data -client project -key random_id -value "72s5e7hcdrr3gjj3ehagulldhk" -context "software_version_and_target_device"
# webtalk_add_data -client project -key project_id -value "2015.2_3" -context "software_version_and_target_device"
# webtalk_add_data -client project -key project_iteration -value "3" -context "software_version_and_target_device"
# webtalk_add_data -client project -key os_name -value "" -context "user_environment"
# webtalk_add_data -client project -key os_release -value "" -context "user_environment"
# webtalk_add_data -client project -key cpu_name -value "" -context "user_environment"
# webtalk_add_data -client project -key cpu_speed -value "" -context "user_environment"
# webtalk_add_data -client project -key total_processors -value "" -context "user_environment"
# webtalk_add_data -client project -key system_ram -value "" -context "user_environment"
# webtalk_register_client -client sdk
# webtalk_add_data -client sdk -key uid -value "1454610639606" -context "sdk\\\\bsp/1454610639606"
# webtalk_add_data -client sdk -key hwid -value "1454280650645" -context "sdk\\\\bsp/1454610639606"
# webtalk_add_data -client sdk -key os -value "standalone" -context "sdk\\\\bsp/1454610639606"
# webtalk_add_data -client sdk -key apptemplate -value "null" -context "sdk\\\\bsp/1454610639606"
# webtalk_transmit -clientid 3710716580 -regid "" -xml C:\\Users\\Anthony\\armqptestagain\\armqp\\src\\sdk\\webtalk\\usage_statistics_ext_sdk.xml -html C:\\Users\\Anthony\\armqptestagain\\armqp\\src\\sdk\\webtalk\\usage_statistics_ext_sdk.html -wdm C:\\Users\\Anthony\\armqptestagain\\armqp\\src\\sdk\\webtalk\\sdk_webtalk.wdm -intro "<H3>SDK Usage Report</H3><BR>"

    while executing
"webtalk_transmit -clientid 3710716580 -regid "" -xml C:\\Users\\Anthony\\armqptestagain\\armqp\\src\\sdk\\webtalk\\usage_statistics_ext_sdk.xml -html ..."
    (file "sdk_webtalk.tcl" line 29)
INFO: [Common 17-206] Exiting Webtalk at Thu Feb 04 13:38:12 2016...
