#
# A fatal error has been detected by the Java Runtime Environment:
#
#  Internal Error (0xc000000d), pid=6504, tid=1764
#
# JRE version: Java(TM) SE Runtime Environment (8.0_25-b18) (build 1.8.0_25-b18)
# Java VM: Java HotSpot(TM) 64-Bit Server VM (25.25-b02 mixed mode windows-amd64 compressed oops)
# Problematic frame:
# C  [ntdll.dll+0x73b81]
#
# Failed to write core dump. Minidumps are not enabled by default on client versions of Windows
#
# If you would like to submit a bug report, please visit:
#   http://bugreport.sun.com/bugreport/crash.jsp
#

---------------  T H R E A D  ---------------

Current thread (0x0000000015683000):  VMThread [stack: 0x00000000165d0000,0x00000000166d0000] [id=1764]

siginfo: ExceptionCode=0xc000000d

Registers:
RAX=0x000000006222ab47, RBX=0x0000000000000000, RCX=0x00000000166cef10, RDX=0x0000000000000000
RSP=0x00000000166cf520, RBP=0x0000000023201a20, RSI=0x000007fed44d7408, RDI=0x00000000166cf668
R8 =0x0000000000000000, R9 =0x0000000000000000, R10=0x0000000000000000, R11=0x0000000000000246
R12=0x0000000022fffec0, R13=0x0000000022fffe90, R14=0x0000000023201b28, R15=0x0000000000000000
RIP=0x0000000076e93b81, EFLAGS=0x0000000000000206

Top of Stack: (sp=0x00000000166cf520)
0x00000000166cf520:   0000000000000000 000007fed44d7408
0x00000000166cf530:   00000000166cf668 0000000000000000
0x00000000166cf540:   0000000000000000 0000000000000000
0x00000000166cf550:   0000000000000000 0000000000000000
0x00000000166cf560:   0000000000000002 0000000000000000
0x00000000166cf570:   00000000c000000d 0000000000000000
0x00000000166cf580:   0000000076e93b81 0000000000000000
0x00000000166cf590:   0000000000000000 0000000000000000
0x00000000166cf5a0:   0000000000000000 0000000000000000
0x00000000166cf5b0:   0000000000000000 0000000000000000
0x00000000166cf5c0:   0000000000000000 0000000000000000
0x00000000166cf5d0:   0000000000000000 0000000000000000
0x00000000166cf5e0:   0000000000000000 0000000000000000
0x00000000166cf5f0:   0000000000000000 0000000000000000
0x00000000166cf600:   0000000000000000 0000000000000101
0x00000000166cf610:   00000000000000c8 0000000076c43328 

Instructions: (pc=0x0000000076e93b81)
0x0000000076e93b61:   1b ba fd ff b9 57 00 00 00 c7 44 24 50 0d 00 00
0x0000000076e93b71:   c0 e8 09 bd fd ff 48 8d 4c 24 50 e8 3f 54 fa ff
0x0000000076e93b81:   4c 8b 1d 50 a8 0b 00 4d 85 db 74 5b 65 48 8b 04
0x0000000076e93b91:   25 30 00 00 00 f6 80 ee 17 00 00 08 74 12 65 48 


Register to memory mapping:

RAX=0x000000006222ab47 is an unknown value
RBX=0x0000000000000000 is an unknown value
RCX=0x00000000166cef10 is an unknown value
RDX=0x0000000000000000 is an unknown value
RSP=0x00000000166cf520 is an unknown value
RBP=0x0000000023201a20 is an unknown value
RSI=0x000007fed44d7408 is an unknown value
RDI=0x00000000166cf668 is an unknown value
R8 =0x0000000000000000 is an unknown value
R9 =0x0000000000000000 is an unknown value
R10=0x0000000000000000 is an unknown value
R11=0x0000000000000246 is an unknown value
R12=0x0000000022fffec0 is an unknown value
R13=0x0000000022fffe90 is an unknown value
R14=0x0000000023201b28 is an unknown value
R15=0x0000000000000000 is an unknown value


Stack: [0x00000000165d0000,0x00000000166d0000],  sp=0x00000000166cf520,  free space=1021k
Native frames: (J=compiled Java code, j=interpreted, Vv=VM code, C=native code)
C  [ntdll.dll+0x73b81]
C  [kernel32.dll+0x43328]
C  [MSVCR110.dll+0x752d]
C  [MSVCR110.dll+0x14cde]
C  [MSVCR110.dll+0x13edc]
C  [MSVCR110.dll+0x239e]
C  [MSVCR110.dll+0xaf9e]
C  [MSVCP110.dll+0x397b9]
C  [librdi_common.dll+0x135d02]
C  [librdi_common.dll+0x13447b]
C  0x000007feed922400
C  0x000007feed922682
C  [ntdll.dll+0x23a81]
C  [ntdll.dll+0x23890]
C  [MSVCR100.dll+0x20ccd]
V  [jvm.dll+0x1f9c55]
V  [jvm.dll+0x2325e7]
V  [jvm.dll+0x231826]
V  [jvm.dll+0x231cc1]
V  [jvm.dll+0x231ede]
V  [jvm.dll+0x2852fa]
C  [MSVCR100.dll+0x21d9f]
C  [MSVCR100.dll+0x21e3b]
C  [kernel32.dll+0x15a4d]
C  [ntdll.dll+0x2b831]

VM_Operation (0x000000000012f500): Exit, mode: safepoint, requested by thread 0x00000000026de800


---------------  P R O C E S S  ---------------

Java Threads: ( => current thread )
  0x000000001c75d000 JavaThread "Thread-46" daemon [_thread_blocked, id=9256, stack(0x00000000320c0000,0x00000000321c0000)]
  0x000000001acf3800 JavaThread "TCF Locator DNS Lookup" daemon [_thread_blocked, id=6112, stack(0x0000000020f10000,0x0000000021010000)]
  0x000000001acf3000 JavaThread "TCF Locator Timer" daemon [_thread_blocked, id=8644, stack(0x0000000020e10000,0x0000000020f10000)]
  0x000000001acf2000 JavaThread "TCF Locator Receiver" daemon [_thread_blocked, id=10952, stack(0x0000000020d10000,0x0000000020e10000)]
  0x000000001aced800 JavaThread "TCF Timer Dispatcher" daemon [_thread_blocked, id=6548, stack(0x0000000020710000,0x0000000020810000)]
  0x0000000017504000 JavaThread "EMF Reference Cleaner" daemon [_thread_blocked, id=4672, stack(0x000000001b5d0000,0x000000001b6d0000)]
  0x0000000015746000 JavaThread "Service Thread" daemon [_thread_blocked, id=11196, stack(0x0000000016ed0000,0x0000000016fd0000)]
  0x00000000156ec000 JavaThread "C1 CompilerThread3" daemon [_thread_blocked, id=1588, stack(0x0000000016dd0000,0x0000000016ed0000)]
  0x00000000156e3800 JavaThread "C2 CompilerThread2" daemon [_thread_blocked, id=10212, stack(0x0000000016cd0000,0x0000000016dd0000)]
  0x00000000156dc800 JavaThread "C2 CompilerThread1" daemon [_thread_blocked, id=8220, stack(0x0000000016bd0000,0x0000000016cd0000)]
  0x00000000156da800 JavaThread "C2 CompilerThread0" daemon [_thread_blocked, id=3776, stack(0x0000000016ad0000,0x0000000016bd0000)]
  0x00000000156d4000 JavaThread "Attach Listener" daemon [_thread_blocked, id=10808, stack(0x00000000169d0000,0x0000000016ad0000)]
  0x00000000156d3000 JavaThread "Signal Dispatcher" daemon [_thread_blocked, id=5888, stack(0x00000000168d0000,0x00000000169d0000)]
  0x000000001450b800 JavaThread "Finalizer" daemon [_thread_blocked, id=10104, stack(0x00000000167d0000,0x00000000168d0000)]
  0x0000000014504800 JavaThread "Reference Handler" daemon [_thread_blocked, id=8832, stack(0x00000000166d0000,0x00000000167d0000)]
  0x00000000026de800 JavaThread "main" [_thread_blocked, id=10944, stack(0x0000000000030000,0x0000000000130000)]

Other Threads:
=>0x0000000015683000 VMThread [stack: 0x00000000165d0000,0x00000000166d0000] [id=1764]

VM state:at safepoint (shutting down)

VM Mutex/Monitor currently owned by a thread:  ([mutex/lock_event])
[0x0000000002a78850] Threads_lock - owner thread: 0x0000000015683000

Heap:
 PSYoungGen      total 67584K, used 33952K [0x00000000f5580000, 0x00000000f9e00000, 0x0000000100000000)
  eden space 60928K, 55% used [0x00000000f5580000,0x00000000f76a80a0,0x00000000f9100000)
  from space 6656K, 0% used [0x00000000f9100000,0x00000000f9100000,0x00000000f9780000)
  to   space 6656K, 0% used [0x00000000f9780000,0x00000000f9780000,0x00000000f9e00000)
 ParOldGen       total 56832K, used 41656K [0x00000000e0000000, 0x00000000e3780000, 0x00000000f5580000)
  object space 56832K, 73% used [0x00000000e0000000,0x00000000e28ae058,0x00000000e3780000)
 Metaspace       used 88349K, capacity 94202K, committed 94464K, reserved 1130496K
  class space    used 10847K, capacity 12738K, committed 12800K, reserved 1048576K

Card table byte_map: [0x0000000002c50000,0x0000000002d60000] byte_map_base: 0x0000000002550000

Marking Bits: (ParMarkBitMap*) 0x0000000054d4d490
 Begin Bits: [0x0000000012a20000, 0x0000000013220000)
 End Bits:   [0x0000000013220000, 0x0000000013a20000)

Polling page: 0x00000000005b0000

CodeCache: size=245760Kb used=43541Kb max_used=43718Kb free=202218Kb
 bounds [0x0000000002e60000, 0x0000000005960000, 0x0000000011e60000]
 total_blobs=12638 nmethods=11773 adapters=773
 compilation: enabled

Compilation events (10 events):
Event: 2094.528 Thread 0x00000000156ec000 14908       1       org.eclipse.osgi.internal.loader.BundleLoaderProxy::getBasicBundleLoader (5 bytes)
Event: 2094.528 Thread 0x00000000156ec000 nmethod 14908 0x00000000036f3b10 code [0x00000000036f3c60, 0x00000000036f3d70]
Event: 2094.529 Thread 0x00000000156ec000 14909       1       org.eclipse.osgi.internal.loader.BundleLoaderProxy::getBundleData (5 bytes)
Event: 2094.529 Thread 0x00000000156ec000 nmethod 14909 0x0000000004260390 code [0x00000000042604e0, 0x00000000042605f0]
Event: 2094.530 Thread 0x00000000156ec000 14910       3       org.eclipse.osgi.baseadaptor.bundlefile.BundleFile::setMruIndex (6 bytes)
Event: 2094.531 Thread 0x00000000156ec000 nmethod 14910 0x00000000051e7c10 code [0x00000000051e7d60, 0x00000000051e7eb0]
Event: 2095.760 Thread 0x00000000156ec000 14911   !   3       org.eclipse.osgi.internal.baseadaptor.BaseStorage::compact (215 bytes)
Event: 2095.763 Thread 0x00000000156ec000 nmethod 14911 0x0000000004f9d0d0 code [0x0000000004f9d500, 0x0000000004f9f968]
Event: 2095.865 Thread 0x00000000156ec000 14912       3       org.eclipse.osgi.framework.internal.core.AbstractBundle::close (52 bytes)
Event: 2095.866 Thread 0x00000000156ec000 nmethod 14912 0x000000000368ba10 code [0x000000000368bc40, 0x000000000368c928]

GC Heap History (10 events):
Event: 1925.633 GC heap before
{Heap before GC invocations=74 (full 25):
 PSYoungGen      total 61440K, used 416K [0x00000000f5580000, 0x00000000f9f00000, 0x0000000100000000)
  eden space 60928K, 0% used [0x00000000f5580000,0x00000000f5580000,0x00000000f9100000)
  from space 512K, 81% used [0x00000000f9100000,0x00000000f9168000,0x00000000f9180000)
  to   space 7168K, 0% used [0x00000000f9800000,0x00000000f9800000,0x00000000f9f00000)
 ParOldGen       total 56832K, used 41667K [0x00000000e0000000, 0x00000000e3780000, 0x00000000f5580000)
  object space 56832K, 73% used [0x00000000e0000000,0x00000000e28b0e88,0x00000000e3780000)
 Metaspace       used 87823K, capacity 93872K, committed 94208K, reserved 1130496K
  class space    used 10797K, capacity 12673K, committed 12800K, reserved 1048576K
Event: 1925.801 GC heap after
Heap after GC invocations=74 (full 25):
 PSYoungGen      total 61440K, used 0K [0x00000000f5580000, 0x00000000f9f00000, 0x0000000100000000)
  eden space 60928K, 0% used [0x00000000f5580000,0x00000000f5580000,0x00000000f9100000)
  from space 512K, 0% used [0x00000000f9100000,0x00000000f9100000,0x00000000f9180000)
  to   space 7168K, 0% used [0x00000000f9800000,0x00000000f9800000,0x00000000f9f00000)
 ParOldGen       total 56832K, used 41774K [0x00000000e0000000, 0x00000000e3780000, 0x00000000f5580000)
  object space 56832K, 73% used [0x00000000e0000000,0x00000000e28cb9f0,0x00000000e3780000)
 Metaspace       used 87823K, capacity 93872K, committed 94208K, reserved 1130496K
  class space    used 10797K, capacity 12673K, committed 12800K, reserved 1048576K
}
Event: 1985.638 GC heap before
{Heap before GC invocations=75 (full 25):
 PSYoungGen      total 61440K, used 2873K [0x00000000f5580000, 0x00000000f9f00000, 0x0000000100000000)
  eden space 60928K, 4% used [0x00000000f5580000,0x00000000f584e650,0x00000000f9100000)
  from space 512K, 0% used [0x00000000f9100000,0x00000000f9100000,0x00000000f9180000)
  to   space 7168K, 0% used [0x00000000f9800000,0x00000000f9800000,0x00000000f9f00000)
 ParOldGen       total 56832K, used 41774K [0x00000000e0000000, 0x00000000e3780000, 0x00000000f5580000)
  object space 56832K, 73% used [0x00000000e0000000,0x00000000e28cb9f0,0x00000000e3780000)
 Metaspace       used 87826K, capacity 93872K, committed 94208K, reserved 1130496K
  class space    used 10797K, capacity 12673K, committed 12800K, reserved 1048576K
Event: 1985.641 GC heap after
Heap after GC invocations=75 (full 25):
 PSYoungGen      total 67072K, used 224K [0x00000000f5580000, 0x00000000f9e00000, 0x0000000100000000)
  eden space 60928K, 0% used [0x00000000f5580000,0x00000000f5580000,0x00000000f9100000)
  from space 6144K, 3% used [0x00000000f9800000,0x00000000f9838000,0x00000000f9e00000)
  to   space 6656K, 0% used [0x00000000f9100000,0x00000000f9100000,0x00000000f9780000)
 ParOldGen       total 56832K, used 41782K [0x00000000e0000000, 0x00000000e3780000, 0x00000000f5580000)
  object space 56832K, 73% used [0x00000000e0000000,0x00000000e28cd9f0,0x00000000e3780000)
 Metaspace       used 87826K, capacity 93872K, committed 94208K, reserved 1130496K
  class space    used 10797K, capacity 12673K, committed 12800K, reserved 1048576K
}
Event: 1985.641 GC heap before
{Heap before GC invocations=76 (full 26):
 PSYoungGen      total 67072K, used 224K [0x00000000f5580000, 0x00000000f9e00000, 0x0000000100000000)
  eden space 60928K, 0% used [0x00000000f5580000,0x00000000f5580000,0x00000000f9100000)
  from space 6144K, 3% used [0x00000000f9800000,0x00000000f9838000,0x00000000f9e00000)
  to   space 6656K, 0% used [0x00000000f9100000,0x00000000f9100000,0x00000000f9780000)
 ParOldGen       total 56832K, used 41782K [0x00000000e0000000, 0x00000000e3780000, 0x00000000f5580000)
  object space 56832K, 73% used [0x00000000e0000000,0x00000000e28cd9f0,0x00000000e3780000)
 Metaspace       used 87826K, capacity 93872K, committed 94208K, reserved 1130496K
  class space    used 10797K, capacity 12673K, committed 12800K, reserved 1048576K
Event: 1985.786 GC heap after
Heap after GC invocations=76 (full 26):
 PSYoungGen      total 67072K, used 0K [0x00000000f5580000, 0x00000000f9e00000, 0x0000000100000000)
  eden space 60928K, 0% used [0x00000000f5580000,0x00000000f5580000,0x00000000f9100000)
  from space 6144K, 0% used [0x00000000f9800000,0x00000000f9800000,0x00000000f9e00000)
  to   space 6656K, 0% used [0x00000000f9100000,0x00000000f9100000,0x00000000f9780000)
 ParOldGen       total 56832K, used 41655K [0x00000000e0000000, 0x00000000e3780000, 0x00000000f5580000)
  object space 56832K, 73% used [0x00000000e0000000,0x00000000e28ade98,0x00000000e3780000)
 Metaspace       used 87826K, capacity 93872K, committed 94208K, reserved 1130496K
  class space    used 10797K, capacity 12673K, committed 12800K, reserved 1048576K
}
Event: 2045.651 GC heap before
{Heap before GC invocations=77 (full 26):
 PSYoungGen      total 67072K, used 2848K [0x00000000f5580000, 0x00000000f9e00000, 0x0000000100000000)
  eden space 60928K, 4% used [0x00000000f5580000,0x00000000f58480a0,0x00000000f9100000)
  from space 6144K, 0% used [0x00000000f9800000,0x00000000f9800000,0x00000000f9e00000)
  to   space 6656K, 0% used [0x00000000f9100000,0x00000000f9100000,0x00000000f9780000)
 ParOldGen       total 56832K, used 41655K [0x00000000e0000000, 0x00000000e3780000, 0x00000000f5580000)
  object space 56832K, 73% used [0x00000000e0000000,0x00000000e28ade98,0x00000000e3780000)
 Metaspace       used 87827K, capacity 93872K, committed 94208K, reserved 1130496K
  class space    used 10797K, capacity 12673K, committed 12800K, reserved 1048576K
Event: 2045.656 GC heap after
Heap after GC invocations=77 (full 26):
 PSYoungGen      total 67584K, used 224K [0x00000000f5580000, 0x00000000f9e00000, 0x0000000100000000)
  eden space 60928K, 0% used [0x00000000f5580000,0x00000000f5580000,0x00000000f9100000)
  from space 6656K, 3% used [0x00000000f9100000,0x00000000f9138000,0x00000000f9780000)
  to   space 6656K, 0% used [0x00000000f9780000,0x00000000f9780000,0x00000000f9e00000)
 ParOldGen       total 56832K, used 41663K [0x00000000e0000000, 0x00000000e3780000, 0x00000000f5580000)
  object space 56832K, 73% used [0x00000000e0000000,0x00000000e28afe98,0x00000000e3780000)
 Metaspace       used 87827K, capacity 93872K, committed 94208K, reserved 1130496K
  class space    used 10797K, capacity 12673K, committed 12800K, reserved 1048576K
}
Event: 2045.656 GC heap before
{Heap before GC invocations=78 (full 27):
 PSYoungGen      total 67584K, used 224K [0x00000000f5580000, 0x00000000f9e00000, 0x0000000100000000)
  eden space 60928K, 0% used [0x00000000f5580000,0x00000000f5580000,0x00000000f9100000)
  from space 6656K, 3% used [0x00000000f9100000,0x00000000f9138000,0x00000000f9780000)
  to   space 6656K, 0% used [0x00000000f9780000,0x00000000f9780000,0x00000000f9e00000)
 ParOldGen       total 56832K, used 41663K [0x00000000e0000000, 0x00000000e3780000, 0x00000000f5580000)
  object space 56832K, 73% used [0x00000000e0000000,0x00000000e28afe98,0x00000000e3780000)
 Metaspace       used 87827K, capacity 93872K, committed 94208K, reserved 1130496K
  class space    used 10797K, capacity 12673K, committed 12800K, reserved 1048576K
Event: 2045.813 GC heap after
Heap after GC invocations=78 (full 27):
 PSYoungGen      total 67584K, used 0K [0x00000000f5580000, 0x00000000f9e00000, 0x0000000100000000)
  eden space 60928K, 0% used [0x00000000f5580000,0x00000000f5580000,0x00000000f9100000)
  from space 6656K, 0% used [0x00000000f9100000,0x00000000f9100000,0x00000000f9780000)
  to   space 6656K, 0% used [0x00000000f9780000,0x00000000f9780000,0x00000000f9e00000)
 ParOldGen       total 56832K, used 41656K [0x00000000e0000000, 0x00000000e3780000, 0x00000000f5580000)
  object space 56832K, 73% used [0x00000000e0000000,0x00000000e28ae058,0x00000000e3780000)
 Metaspace       used 87827K, capacity 93872K, committed 94208K, reserved 1130496K
  class space    used 10797K, capacity 12673K, committed 12800K, reserved 1048576K
}

Deoptimization events (10 events):
Event: 2092.390 Thread 0x00000000026de800 Uncommon trap: reason=unreached action=reinterpret pc=0x0000000003b0d75c method=org.eclipse.e4.ui.internal.workbench.swt.PartRenderingEngine.someAreVisible(Ljava/util/List;)Z @ 41
Event: 2092.435 Thread 0x00000000026de800 Uncommon trap: reason=class_check action=maybe_recompile pc=0x0000000005440250 method=org.eclipse.e4.core.internal.contexts.TrackableComputationExt.update(Lorg/eclipse/e4/core/internal/contexts/ContextChangeEvent;)Z @ 62
Event: 2092.435 Thread 0x00000000026de800 Uncommon trap: reason=class_check action=maybe_recompile pc=0x0000000005440250 method=org.eclipse.e4.core.internal.contexts.TrackableComputationExt.update(Lorg/eclipse/e4/core/internal/contexts/ContextChangeEvent;)Z @ 62
Event: 2092.435 Thread 0x00000000026de800 Uncommon trap: reason=class_check action=maybe_recompile pc=0x0000000005440250 method=org.eclipse.e4.core.internal.contexts.TrackableComputationExt.update(Lorg/eclipse/e4/core/internal/contexts/ContextChangeEvent;)Z @ 62
Event: 2092.489 Thread 0x00000000026de800 Uncommon trap: reason=bimorphic action=maybe_recompile pc=0x00000000041ff57c method=java.io.Writer.write(Ljava/lang/String;)V @ 7
Event: 2092.489 Thread 0x00000000026de800 Uncommon trap: reason=bimorphic action=maybe_recompile pc=0x00000000041ff57c method=java.io.Writer.write(Ljava/lang/String;)V @ 7
Event: 2092.489 Thread 0x00000000026de800 Uncommon trap: reason=bimorphic action=maybe_recompile pc=0x00000000041ff57c method=java.io.Writer.write(Ljava/lang/String;)V @ 7
Event: 2092.489 Thread 0x00000000026de800 Uncommon trap: reason=bimorphic action=maybe_recompile pc=0x00000000041ff57c method=java.io.Writer.write(Ljava/lang/String;)V @ 7
Event: 2092.992 Thread 0x00000000026de800 Uncommon trap: reason=null_check action=make_not_entrant pc=0x00000000036ca7c0 method=org.eclipse.core.runtime.internal.adaptor.EclipseLazyStarter.shouldActivateFor(Ljava/lang/String;Lorg/eclipse/osgi/baseadaptor/BaseData;Lorg/eclipse/core/runtime/internal¡·œ≠[†@
Event: 2093.839 Thread 0x00000000026de800 Uncommon trap: reason=unreached action=reinterpret pc=0x0000000005710590 method=org.eclipse.swt.widgets.Display.getDefault()Lorg/eclipse/swt/widgets/Display; @ 39

Internal exceptions (10 events):
Event: 2092.992 Thread 0x00000000026de800 Implicit null exception at 0x00000000036c8f93 to 0x00000000036ca7b1
Event: 2094.006 Thread 0x000000001c756800 Exception <a 'sun/net/ConnectionResetException': > (0x00000000f56360d0) thrown at [D:\re\workspace\8-2-build-windows-amd64-cygwin\jdk8u25\1677\hotspot\src\share\vm\prims\jni.cpp, line 742]
Event: 2094.006 Thread 0x000000001c756800 Exception <a 'sun/net/ConnectionResetException': > (0x00000000f56362a8) thrown at [D:\re\workspace\8-2-build-windows-amd64-cygwin\jdk8u25\1677\hotspot\src\share\vm\prims\jni.cpp, line 742]
Event: 2094.006 Thread 0x000000001c758800 Exception <a 'java/net/SocketException': Connection reset by peer: socket write error> (0x00000000f7242e88) thrown at [D:\re\workspace\8-2-build-windows-amd64-cygwin\jdk8u25\1677\hotspot\src\share\vm\prims\jni.cpp, line 742]
Event: 2094.007 Thread 0x000000001acf0800 Exception <a 'java/lang/InterruptedException'> (0x00000000f724e998) thrown at [D:\re\workspace\8-2-build-windows-amd64-cygwin\jdk8u25\1677\hotspot\src\share\vm\runtime\objectMonitor.cpp, line 1682]
Event: 2094.007 Thread 0x000000001c758800 Exception <a 'java/net/SocketException': Socket closed> (0x00000000f728b8c8) thrown at [D:\re\workspace\8-2-build-windows-amd64-cygwin\jdk8u25\1677\hotspot\src\share\vm\prims\jni.cpp, line 742]
Event: 2094.527 Thread 0x0000000017509800 Exception <a 'java/lang/InterruptedException': sleep interrupted> (0x00000000f74e7250) thrown at [D:\re\workspace\8-2-build-windows-amd64-cygwin\jdk8u25\1677\hotspot\src\share\vm\prims\jvm.cpp, line 3141]
Event: 2094.528 Thread 0x000000001ace9800 Exception <a 'java/lang/InterruptedException'> (0x00000000f757f720) thrown at [D:\re\workspace\8-2-build-windows-amd64-cygwin\jdk8u25\1677\hotspot\src\share\vm\runtime\objectMonitor.cpp, line 1682]
Event: 2094.529 Thread 0x000000001589a800 Exception <a 'java/lang/InterruptedException'> (0x00000000f759dea0) thrown at [D:\re\workspace\8-2-build-windows-amd64-cygwin\jdk8u25\1677\hotspot\src\share\vm\runtime\objectMonitor.cpp, line 1682]
Event: 2095.865 Thread 0x00000000171d7000 Exception <a 'java/lang/InterruptedException'> (0x00000000f74e6c98) thrown at [D:\re\workspace\8-2-build-windows-amd64-cygwin\jdk8u25\1677\hotspot\src\share\vm\runtime\objectMonitor.cpp, line 1682]

Events (10 events):
Event: 2095.866 loading class java/util/IdentityHashMap$KeyIterator done
Event: 2095.866 Thread 0x000000001ace9800 Thread added: 0x000000001ace9800
Event: 2095.866 Executing VM operation: RevokeBias
Event: 2095.866 Executing VM operation: RevokeBias done
Event: 2095.866 Executing VM operation: RevokeBias
Event: 2095.866 Executing VM operation: RevokeBias done
Event: 2095.866 Executing VM operation: RevokeBias
Event: 2095.866 Executing VM operation: RevokeBias done
Event: 2095.867 Thread 0x000000001ace9800 Thread exited: 0x000000001ace9800
Event: 2096.000 Executing VM operation: Exit


Dynamic libraries:
0x0000000000400000 - 0x000000000044f000 	C:\Xilinx\SDK\2015.2\eclipse\win64.o\eclipse.exe
0x0000000076e20000 - 0x0000000076fc9000 	C:\Windows\SYSTEM32\ntdll.dll
0x0000000076c00000 - 0x0000000076d1f000 	C:\Windows\system32\kernel32.dll
0x000007fefcc40000 - 0x000007fefccac000 	C:\Windows\system32\KERNELBASE.dll
0x0000000076d20000 - 0x0000000076e1a000 	C:\Windows\system32\USER32.dll
0x000007fefcff0000 - 0x000007fefd057000 	C:\Windows\system32\GDI32.dll
0x000007fefeb70000 - 0x000007fefeb7e000 	C:\Windows\system32\LPK.dll
0x000007fefd470000 - 0x000007fefd539000 	C:\Windows\system32\USP10.dll
0x000007fefeee0000 - 0x000007fefef7f000 	C:\Windows\system32\msvcrt.dll
0x000007fefbc00000 - 0x000007fefbdf4000 	C:\Windows\WinSxS\amd64_microsoft.windows.common-controls_6595b64144ccf1df_6.0.7601.18837_none_fa3b1e3d17594757\COMCTL32.dll
0x000007fefd3d0000 - 0x000007fefd441000 	C:\Windows\system32\SHLWAPI.dll
0x000007feff020000 - 0x000007feff04e000 	C:\Windows\system32\IMM32.DLL
0x000007fefedd0000 - 0x000007fefeed9000 	C:\Windows\system32\MSCTF.dll
0x000007fefcb00000 - 0x000007fefcb40000 	C:\Windows\system32\nvinitx.dll
0x000007feff050000 - 0x000007feff12b000 	C:\Windows\system32\ADVAPI32.dll
0x000007fefd450000 - 0x000007fefd46f000 	C:\Windows\SYSTEM32\sechost.dll
0x000007fefeba0000 - 0x000007fefeccd000 	C:\Windows\system32\RPCRT4.dll
0x0000000072000000 - 0x0000000072012000 	C:\Xilinx\SDK\2015.2\eclipse\win64.o\plugins\org.eclipse.equinox.launcher.win32.win32.x86_64_1.1.200.v20140116-2212\eclipse_1503.dll
0x000007fefb8d0000 - 0x000007fefb8dc000 	C:\Windows\system32\VERSION.dll
0x000007fefb400000 - 0x000007fefb456000 	C:\Windows\system32\uxtheme.dll
0x0000000180000000 - 0x0000000180054000 	C:\Program Files (x86)\Lenovo\Onekey Theater\ActiveDetect64.dll
0x0000000000550000 - 0x000000000057b000 	C:\Program Files (x86)\Lenovo\Onekey Theater\WindowsApiHookDll64.dll
0x000007fef4900000 - 0x000007fef493f000 	C:\Program Files\Lenovo\Bluetooth Software\btmmhook.dll
0x000007fefd540000 - 0x000007fefe2c9000 	C:\Windows\system32\SHELL32.dll
0x000007fefe2d0000 - 0x000007fefe4d3000 	C:\Windows\system32\ole32.dll
0x000007fefe4e0000 - 0x000007fefe5b7000 	C:\Windows\system32\OLEAUT32.dll
0x0000000076fe0000 - 0x0000000076fe7000 	C:\Windows\system32\PSAPI.DLL
0x0000000054570000 - 0x0000000054dca000 	C:\Xilinx\SDK\2015.2\tps\win64\jre\bin\server\jvm.dll
0x000007fef7800000 - 0x000007fef7809000 	C:\Windows\system32\WSOCK32.dll
0x000007fefed70000 - 0x000007fefedbd000 	C:\Windows\system32\WS2_32.dll
0x000007fefedc0000 - 0x000007fefedc8000 	C:\Windows\system32\NSI.dll
0x000007fefa670000 - 0x000007fefa6ab000 	C:\Windows\system32\WINMM.dll
0x0000000074870000 - 0x0000000074942000 	C:\Windows\system32\MSVCR100.dll
0x0000000069620000 - 0x000000006962f000 	C:\Xilinx\SDK\2015.2\tps\win64\jre\bin\verify.dll
0x00000000668f0000 - 0x0000000066918000 	C:\Xilinx\SDK\2015.2\tps\win64\jre\bin\java.dll
0x00000000668d0000 - 0x00000000668e6000 	C:\Xilinx\SDK\2015.2\tps\win64\jre\bin\zip.dll
0x000007fefcbd0000 - 0x000007fefcbdf000 	C:\Windows\system32\profapi.dll
0x000007fefc3d0000 - 0x000007fefc3e8000 	C:\Windows\system32\CRYPTSP.dll
0x000007fefc0d0000 - 0x000007fefc117000 	C:\Windows\system32\rsaenh.dll
0x000007fefceb0000 - 0x000007fefcece000 	C:\Windows\system32\USERENV.dll
0x000007fefca30000 - 0x000007fefca3f000 	C:\Windows\system32\CRYPTBASE.dll
0x00000000668b0000 - 0x00000000668ca000 	C:\Xilinx\SDK\2015.2\tps\win64\jre\bin\net.dll
0x000007fefc370000 - 0x000007fefc3c5000 	C:\Windows\system32\mswsock.dll
0x000007fefc360000 - 0x000007fefc367000 	C:\Windows\System32\wship6.dll
0x000007fef9e80000 - 0x000007fef9ea7000 	C:\Windows\system32\IPHLPAPI.DLL
0x000007fef9ef0000 - 0x000007fef9efb000 	C:\Windows\system32\WINNSI.DLL
0x000007fef9d40000 - 0x000007fef9d58000 	C:\Windows\system32\dhcpcsvc.DLL
0x000007fef9d20000 - 0x000007fef9d31000 	C:\Windows\system32\dhcpcsvc6.DLL
0x0000000066890000 - 0x00000000668a1000 	C:\Xilinx\SDK\2015.2\tps\win64\jre\bin\nio.dll
0x000007fefa040000 - 0x000007fefa055000 	C:\Windows\system32\NLAapi.dll
0x000007fef6240000 - 0x000007fef6255000 	C:\Windows\system32\napinsp.dll
0x000007fef6220000 - 0x000007fef6239000 	C:\Windows\system32\pnrpnsp.dll
0x000007fefc1f0000 - 0x000007fefc24b000 	C:\Windows\system32\DNSAPI.dll
0x000007fef6210000 - 0x000007fef621b000 	C:\Windows\System32\winrnr.dll
0x000007fef6200000 - 0x000007fef6210000 	C:\Windows\system32\wshbth.dll
0x000000006d0c0000 - 0x000000006d0e6000 	C:\Program Files\Bonjour\mdnsNSP.dll
0x000007fef61d0000 - 0x000007fef61ff000 	C:\Program Files\Common Files\Microsoft Shared\Windows Live\WLIDNSP.DLL
0x000007fefb9a0000 - 0x000007fefb9a7000 	C:\Windows\System32\wshtcpip.dll
0x000007fef61c0000 - 0x000007fef61c8000 	C:\Windows\system32\rasadhlp.dll
0x000007fef9de0000 - 0x000007fef9e33000 	C:\Windows\System32\fwpuclnt.dll
0x0000000018080000 - 0x0000000018128000 	C:\Users\Lukas\.Xilinx\SDK\2015.2\org.eclipse.osgi\bundles\287\1\.cp\swt-win32-4335.dll
0x000007fefef80000 - 0x000007feff017000 	C:\Windows\system32\comdlg32.dll
0x000007fefaa90000 - 0x000007fefab01000 	C:\Windows\system32\WINSPOOL.DRV
0x000007fefe640000 - 0x000007fefe89a000 	C:\Windows\system32\WININET.dll
0x000007fefcbf0000 - 0x000007fefcbf4000 	C:\Windows\system32\api-ms-win-downlevel-user32-l1-1-0.dll
0x000007fefccc0000 - 0x000007fefccc4000 	C:\Windows\system32\api-ms-win-downlevel-shlwapi-l1-1-0.dll
0x000007fefcf80000 - 0x000007fefcf84000 	C:\Windows\system32\api-ms-win-downlevel-version-l1-1-0.dll
0x000007fefcf70000 - 0x000007fefcf73000 	C:\Windows\system32\api-ms-win-downlevel-normaliz-l1-1-0.dll
0x0000000076ff0000 - 0x0000000076ff3000 	C:\Windows\system32\normaliz.DLL
0x000007fefe8a0000 - 0x000007fefeb67000 	C:\Windows\system32\iertutil.dll
0x000007fefcea0000 - 0x000007fefcea5000 	C:\Windows\system32\api-ms-win-downlevel-advapi32-l1-1-0.dll
0x000007fefccf0000 - 0x000007fefce5d000 	C:\Windows\system32\CRYPT32.dll
0x000007fefcbe0000 - 0x000007fefcbef000 	C:\Windows\system32\MSASN1.dll
0x000007fefafd0000 - 0x000007fefafe8000 	C:\Windows\system32\dwmapi.dll
0x000007fefb460000 - 0x000007fefb58c000 	C:\Windows\system32\propsys.dll
0x000007fefecd0000 - 0x000007fefed69000 	C:\Windows\system32\CLBCatQ.DLL
0x0000000001eb0000 - 0x0000000001ece000 	C:\Users\Lukas\.Xilinx\SDK\2015.2\org.eclipse.osgi\bundles\287\1\.cp\swt-gdip-win32-4335.dll
0x000007fefb1e0000 - 0x000007fefb3f6000 	C:\Windows\WinSxS\amd64_microsoft.windows.gdiplus_6595b64144ccf1df_1.1.7601.18946_none_2b27281071eac12c\gdiplus.dll
0x000007fefac80000 - 0x000007fefade1000 	C:\Windows\system32\WindowsCodecs.dll
0x000007fef2c20000 - 0x000007fef2c31000 	C:\Users\Lukas\.Xilinx\SDK\2015.2\org.eclipse.osgi\bundles\116\1\.cp\jWinHttp-1.0.0.dll
0x000007fef7b20000 - 0x000007fef7b91000 	C:\Windows\system32\WINHTTP.dll
0x000007fef7a90000 - 0x000007fef7af4000 	C:\Windows\system32\webio.dll
0x000007fefa6b0000 - 0x000007fefa704000 	C:\Windows\system32\oleacc.dll
0x000007fef2e50000 - 0x000007fef2e8b000 	C:\Windows\system32\mlang.dll
0x000007fefcae0000 - 0x000007fefcaf4000 	C:\Windows\system32\RpcRtRemote.dll
0x000000001b7f0000 - 0x000000001b802000 	C:\Users\Lukas\.Xilinx\SDK\2015.2\org.eclipse.osgi\bundles\113\1\.cp\os\win32\x86_64\localfile_1_0_0.dll
0x000007fefc9d0000 - 0x000007fefca27000 	C:\Windows\system32\apphelp.dll
0x000007fee9ac0000 - 0x000007feea88f000 	C:\Windows\System32\ieframe.dll
0x000007fef3430000 - 0x000007fef3434000 	C:\Windows\System32\api-ms-win-downlevel-shell32-l1-1-0.dll
0x000007fef2900000 - 0x000007fef2904000 	C:\Windows\system32\api-ms-win-downlevel-shlwapi-l2-1-0.dll
0x000007fefd240000 - 0x000007fefd3c5000 	C:\Windows\system32\urlmon.dll
0x000007fefccb0000 - 0x000007fefccb4000 	C:\Windows\system32\api-ms-win-downlevel-ole32-l1-1-0.dll
0x000007fefca40000 - 0x000007fefcad1000 	C:\Windows\system32\SXS.DLL
0x000007fed1fa0000 - 0x000007fed37b1000 	C:\Windows\System32\mshtml.dll
0x000007feeff70000 - 0x000007feeff74000 	C:\Windows\system32\api-ms-win-downlevel-advapi32-l2-1-0.dll
0x000007fefc7d0000 - 0x000007fefc7db000 	C:\Windows\system32\Secur32.dll
0x000007fefc9a0000 - 0x000007fefc9c5000 	C:\Windows\system32\SSPICLI.DLL
0x000007fef4db0000 - 0x000007fef4dbe000 	C:\Windows\system32\msimtf.dll
0x000007fed1bd0000 - 0x000007fed1f94000 	C:\Windows\system32\d2d1.dll
0x000007fed1a30000 - 0x000007fed1bc7000 	C:\Windows\system32\DWrite.dll
0x000007fef0c70000 - 0x000007fef0ccd000 	C:\Windows\system32\dxgi.dll
0x000007fefaff0000 - 0x000007fefb03b000 	C:\Windows\system32\MMDevAPI.DLL
0x000007fefce60000 - 0x000007fefce9b000 	C:\Windows\system32\WINTRUST.dll
0x000007feec750000 - 0x000007feec925000 	C:\Windows\system32\d3d11.dll
0x000007fefd060000 - 0x000007fefd237000 	C:\Windows\system32\SETUPAPI.dll
0x0000000018180000 - 0x00000000181b6000 	C:\Windows\system32\CFGMGR32.dll
0x000007fefccd0000 - 0x000007fefccea000 	C:\Windows\system32\DEVOBJ.dll
0x000007fef9ce0000 - 0x000007fef9d1b000 	C:\Windows\system32\wdmaud.drv
0x0000000074860000 - 0x0000000074866000 	C:\Windows\system32\ksuser.dll
0x000007fefab60000 - 0x000007fefab69000 	C:\Windows\system32\AVRT.dll
0x000007fef9720000 - 0x000007fef976f000 	C:\Windows\system32\AUDIOSES.DLL
0x000007fef9270000 - 0x000007fef927a000 	C:\Windows\system32\msacm32.drv
0x000007fef9250000 - 0x000007fef9268000 	C:\Windows\system32\MSACM32.dll
0x000007fef8f60000 - 0x000007fef8f69000 	C:\Windows\system32\midimap.dll
0x000007fefab50000 - 0x000007fefab60000 	C:\Xilinx\SDK\2015.2\lib\win64.o\librdi_repo_manager.dll
0x000007fef2660000 - 0x000007fef268a000 	C:\Xilinx\SDK\2015.2\lib\win64.o\libisl_sysinfo.dll
0x000007fed44d0000 - 0x000007fed45a4000 	C:\Windows\system32\MSVCR110.dll
0x000007fed45b0000 - 0x000007fed4657000 	C:\Windows\system32\MSVCP110.dll
0x000007feaf520000 - 0x000007feafe63000 	C:\Xilinx\SDK\2015.2\lib\win64.o\librdi_common.dll
0x000007feb0510000 - 0x000007feb07b8000 	C:\Xilinx\SDK\2015.2\lib\win64.o\libCOIN-all.dll
0x000007feb02f0000 - 0x000007feb0510000 	C:\Xilinx\SDK\2015.2\lib\win64.o\libXil_lmgr11.dll
0x000007fefa5a0000 - 0x000007fefa5b6000 	C:\Windows\system32\NETAPI32.dll
0x000007fefa590000 - 0x000007fefa59c000 	C:\Windows\system32\netutils.dll
0x000007fefc670000 - 0x000007fefc693000 	C:\Windows\system32\srvcli.dll
0x000007fefa570000 - 0x000007fefa585000 	C:\Windows\system32\wkscli.dll
0x000007fef4b30000 - 0x000007fef4b40000 	C:\Xilinx\SDK\2015.2\lib\win64.o\libboost_date_time.dll
0x000007feedc40000 - 0x000007feedc62000 	C:\Xilinx\SDK\2015.2\lib\win64.o\libboost_filesystem.dll
0x000007fef6120000 - 0x000007fef6129000 	C:\Xilinx\SDK\2015.2\lib\win64.o\libboost_system.dll

VM Arguments:
jvm_args: -Dcom.xilinx.sdk.args.hwspec=C:/Users/Lukas/Documents/MQP/ZedTests/2014_1/hdmi_test/hdmi_test.sdk/top_block_wrapper.hdf -Xms64m -Xmx512m & 
java_command: <unknown>
java_class_path (initial): C:\Xilinx\SDK\2015.2\eclipse\win64.o\\plugins/org.eclipse.equinox.launcher_1.3.0.v20130327-1440.jar
Launcher Type: generic

Environment Variables:
JAVA_HOME=C:\Program Files\Java\jdk1.7.0_07
CLASSPATH=%ANT_HOME%
USERNAME=Lukas
OS=Windows_NT
PROCESSOR_IDENTIFIER=Intel64 Family 6 Model 58 Stepping 9, GenuineIntel



---------------  S Y S T E M  ---------------

OS: Windows 7 , 64 bit Build 7601 Service Pack 1

CPU:total 8 (4 cores per cpu, 2 threads per core) family 6 model 58 stepping 9, cmov, cx8, fxsr, mmx, sse, sse2, sse3, ssse3, sse4.1, sse4.2, popcnt, avx, aes, clmul, erms, ht, tsc, tscinvbit, tscinv

Memory: 4k page, physical 8288620k(2185864k free), swap 17087400k(9887244k free)

vm_info: Java HotSpot(TM) 64-Bit Server VM (25.25-b02) for windows-amd64 JRE (1.8.0_25-b18), built on Oct  7 2014 14:25:37 by "java_re" with MS VC++ 10.0 (VS2010)

time: Thu Sep 03 22:43:56 2015
elapsed time: 2096 seconds (0d 0h 34m 56s)

