#-----------------------------------------------------------
# Vivado v2015.2 (64-bit)
# SW Build 1266856 on Fri Jun 26 16:35:25 MDT 2015
# IP Build 1264090 on Wed Jun 24 14:22:01 MDT 2015
# Start of session at: Wed Sep 02 21:43:56 2015
# Process ID: 1016
# Log file: C:/Users/Lukas/Documents/MQP/ZedTests/2014_1/avnet_zed_hdmi_core/ip_projects/vivado.log
# Journal file: C:/Users/Lukas/Documents/MQP/ZedTests/2014_1/avnet_zed_hdmi_core/ip_projects\vivado.jou
#-----------------------------------------------------------
start_gui
open_project -read_only C:/Users/Lukas/Documents/MQP/ZedTests/2014_1/avnet_zed_hdmi_core/ip_projects/edit_zed_hdmi_out.xpr
INFO: [Project 1-313] Project file moved from 'C:/AVNET_ZED_HDMI/2013_3/avnet_zed_hdmi_core/ip_projects' since last save.
Scanning sources...
Finished scanning sources
WARNING: [Project 1-229] Project 'edit_zed_hdmi_out.xpr' is read-only and therefore could not be upgraded for this version of Vivado.  Use 'File | Save Project As...' if you wish to save an upgraded copy.
INFO: [IP_Flow 19-234] Refreshing IP repositories
INFO: [IP_Flow 19-1700] Loaded user IP repository 'c:/Users/Lukas/Documents/MQP/ZedTests/2014_1/avnet_zed_hdmi_core/zed_hdmi_out_v2'.
INFO: [IP_Flow 19-1700] Loaded user IP repository 'c:/Users/Lukas/Documents/MQP/ZedTests/2014_1/avnet_zed_hdmi_core/interfaces'.
INFO: [IP_Flow 19-2313] Loaded Vivado IP repository 'C:/Xilinx/Vivado/2015.2/data/ip'.
update_compile_order -fileset sim_1
exit
INFO: [Common 17-206] Exiting Vivado at Wed Sep 02 21:46:15 2015...
