15:40:00 **** Auto Build of configuration Debug for project hdmi_display ****
make all 
'Building file: ../src/video_frame_buffer.c'
'Invoking: ARM gcc compiler'
arm-xilinx-eabi-gcc -Wall -O0 -g3 -c -fmessage-length=0 -MT"src/video_frame_buffer.o" -I../../hdmi_display_bsp/ps7_cortexa9_0/include -MMD -MP -MF"src/video_frame_buffer.d" -MT"src/video_frame_buffer.d" -o "src/video_frame_buffer.o" "../src/video_frame_buffer.c"
In file included from ../src/video_frame_buffer.c:54:0:
../src/video_resolution.h:3:1: warning: multi-line comment [-Wcomment]
 //     /     \
 ^
In file included from ../src/video_resolution.h:51:0,
                 from ../src/video_frame_buffer.c:54:
../../hdmi_display_bsp/ps7_cortexa9_0/include/xbasic_types.h:115:2: warning: #warning The xbasics_type.h file is deprecated and users should use xil_types.h and xil_assert. [-Wcpp]
 #warning  The xbasics_type.h file is deprecated and users should use xil_types.h and xil_assert.
  ^
../../hdmi_display_bsp/ps7_cortexa9_0/include/xbasic_types.h:116:2: warning: #warning Please refer the Standalone BSP UG647 for further details [-Wcpp]
 #warning  Please refer the Standalone BSP UG647 for further details
  ^
../src/video_frame_buffer.c: In function 'vfb_rx_init':
../src/video_frame_buffer.c:92:4: warning: implicit declaration of function 'vfb_rx_setup' [-Wimplicit-function-declaration]
    Status = vfb_rx_setup(pAxiVdma,pWriteCfg,uVideoResolution,uStorageResolution,uMemAddr,uNumFrames);
    ^
../src/video_frame_buffer.c:102:4: warning: implicit declaration of function 'vfb_rx_start' [-Wimplicit-function-declaration]
    Status = vfb_rx_start(pAxiVdma);
    ^
../src/video_frame_buffer.c:89:8: warning: unused variable 'uDMACR' [-Wunused-variable]
    u32 uDMACR;
        ^
../src/video_frame_buffer.c:88:8: warning: unused variable 'uBaseAddr' [-Wunused-variable]
    u32 uBaseAddr;
        ^
../src/video_frame_buffer.c:87:26: warning: unused variable 'FrameCfg' [-Wunused-variable]
    XAxiVdma_FrameCounter FrameCfg;
                          ^
../src/video_frame_buffer.c: In function 'vfb_tx_init':
../src/video_frame_buffer.c:119:4: warning: implicit declaration of function 'vfb_tx_setup' [-Wimplicit-function-declaration]
    Status = vfb_tx_setup(pAxiVdma,pReadCfg,uVideoResolution,uStorageResolution,uMemAddr,uNumFrames);
    ^
../src/video_frame_buffer.c:129:4: warning: implicit declaration of function 'vfb_tx_start' [-Wimplicit-function-declaration]
    Status = vfb_tx_start(pAxiVdma);
    ^
../src/video_frame_buffer.c:116:8: warning: unused variable 'uDMACR' [-Wunused-variable]
    u32 uDMACR;
        ^
../src/video_frame_buffer.c:115:8: warning: unused variable 'uBaseAddr' [-Wunused-variable]
    u32 uBaseAddr;
        ^
../src/video_frame_buffer.c:114:26: warning: unused variable 'FrameCfg' [-Wunused-variable]
    XAxiVdma_FrameCounter FrameCfg;
                          ^
'Finished building: ../src/video_frame_buffer.c'
' '
'Building target: hdmi_display.elf'
'Invoking: ARM gcc linker'
arm-xilinx-eabi-gcc -Wl,-T -Wl,../src/lscript.ld -L../../hdmi_display_bsp/ps7_cortexa9_0/lib -o "hdmi_display.elf"  ./src/helloworld.o ./src/median_filter.o ./src/platform.o ./src/video_frame_buffer.o ./src/video_generator.o ./src/video_resolution.o ./src/vtc.o ./src/zed_hdmi_display.o ./src/zed_iic_axi.o   -Wl,--start-group,-lxil,-lgcc,-lc,--end-group
'Finished building target: hdmi_display.elf'
' '
'Invoking: ARM Print Size'
arm-xilinx-eabi-size hdmi_display.elf  |tee "hdmi_display.elf.size"
   text	   data	    bss	    dec	    hex	filename
  71016	   3824	  28448	 103288	  19378	hdmi_display.elf
'Finished building: hdmi_display.elf.size'
' '

15:40:01 Build Finished (took 959ms)

